  main.cpp
C:\Users\matte\Documents\GitHub\CGraphicsAssignment\A03\A03\vendor\other\Starter.hpp(277,20): warning C4099: 'Model': il nome del tipo che in precedenza utilizzava 'struct' ora utilizza 'class'
C:\Users\matte\Documents\GitHub\CGraphicsAssignment\A03\A03\vendor\other\Starter.hpp(170,8): message : vedere la dichiarazione di 'Model'
C:\Users\matte\Documents\GitHub\CGraphicsAssignment\A03\A03\vendor\other\Starter.hpp(278,22): warning C4099: 'Texture': il nome del tipo che in precedenza utilizzava 'struct' ora utilizza 'class'
C:\Users\matte\Documents\GitHub\CGraphicsAssignment\A03\A03\vendor\other\Starter.hpp(188,8): message : vedere la dichiarazione di 'Texture'
C:\Users\matte\Documents\GitHub\CGraphicsAssignment\A03\A03\vendor\other\Starter.hpp(279,23): warning C4099: 'Pipeline': il nome del tipo che in precedenza utilizzava 'struct' ora utilizza 'class'
C:\Users\matte\Documents\GitHub\CGraphicsAssignment\A03\A03\vendor\other\Starter.hpp(222,8): message : vedere la dichiarazione di 'Pipeline'
C:\Users\matte\Documents\GitHub\CGraphicsAssignment\A03\A03\vendor\other\Starter.hpp(280,34): warning C4099: 'DescriptorSetLayout': il nome del tipo che in precedenza utilizzava 'struct' ora utilizza 'class'
C:\Users\matte\Documents\GitHub\CGraphicsAssignment\A03\A03\vendor\other\Starter.hpp(214,8): message : vedere la dichiarazione di 'DescriptorSetLayout'
C:\Users\matte\Documents\GitHub\CGraphicsAssignment\A03\A03\vendor\other\Starter.hpp(281,28): warning C4099: 'DescriptorSet': il nome del tipo che in precedenza utilizzava 'struct' ora utilizza 'class'
C:\Users\matte\Documents\GitHub\CGraphicsAssignment\A03\A03\vendor\other\Starter.hpp(258,8): message : vedere la dichiarazione di 'DescriptorSet'
C:\Users\matte\Documents\GitHub\CGraphicsAssignment\A03\A03\vendor\other\Starter.hpp(1437,45): warning C4267: 'argomento': conversione da 'size_t' a 'int'. Possibile perdita di dati.
C:\Users\matte\Documents\GitHub\CGraphicsAssignment\A03\A03\vendor\other\Starter.hpp(1705,37): warning C4267: 'argomento': conversione da 'size_t' a '_Ty'. Possibile perdita di dati.
          with
          [
              _Ty=unsigned int
          ]
C:\Users\matte\Documents\GitHub\CGraphicsAssignment\A03\A03\vendor\other\Starter.hpp(2059,46): warning C4267: '=': conversione da 'size_t' a 'uint32_t'. Possibile perdita di dati.
C:\Users\matte\Documents\GitHub\CGraphicsAssignment\A03\A03\vendor\other\TextMaker.hpp(9,109): warning C4305: 'inizializzazione': troncamento da 'double' a 'const float'
C:\Users\matte\Documents\GitHub\CGraphicsAssignment\A03\A03\vendor\other\TextMaker.hpp(9,116): warning C4305: 'inizializzazione': troncamento da 'double' a 'const float'
C:\Users\matte\Documents\GitHub\CGraphicsAssignment\A03\A03\vendor\other\TextMaker.hpp(9,130): warning C4305: 'inizializzazione': troncamento da 'double' a 'const float'
C:\Users\matte\Documents\GitHub\CGraphicsAssignment\A03\A03\vendor\other\TextMaker.hpp(9,136): warning C4305: 'inizializzazione': troncamento da 'double' a 'const float'
C:\Users\matte\Documents\GitHub\CGraphicsAssignment\A03\A03\vendor\other\TextMaker.hpp(97,21): warning C4267: '+=': conversione da 'size_t' a 'int'. Possibile perdita di dati.
C:\Users\matte\Documents\GitHub\CGraphicsAssignment\A03\A03\vendor\other\TextMaker.hpp(106,16): warning C4305: 'inizializzazione': troncamento da 'double' a 'float'
C:\Users\matte\Documents\GitHub\CGraphicsAssignment\A03\A03\vendor\other\TextMaker.hpp(107,16): warning C4305: 'inizializzazione': troncamento da 'double' a 'float'
C:\Users\matte\Documents\GitHub\CGraphicsAssignment\A03\A03\vendor\other\TextMaker.hpp(108,16): warning C4305: 'inizializzazione': troncamento da 'double' a 'float'
C:\Users\matte\Documents\GitHub\CGraphicsAssignment\A03\A03\vendor\other\TextMaker.hpp(109,16): warning C4305: 'inizializzazione': troncamento da 'double' a 'float'
  A03.vcxproj -> C:\Users\matte\Documents\GitHub\CGraphicsAssignment\A03\bin\Debug\A03\A03.exe
