  main.cpp
C:\Users\matte\Documents\GitHub\CGraphicsAssignment\A15\A15\vendor\other\Starter.hpp(300,22): warning C4099: 'Texture': il nome del tipo che in precedenza utilizzava 'struct' ora utilizza 'class'
C:\Users\matte\Documents\GitHub\CGraphicsAssignment\A15\A15\vendor\other\Starter.hpp(207,8): message : vedere la dichiarazione di 'Texture'
C:\Users\matte\Documents\GitHub\CGraphicsAssignment\A15\A15\vendor\other\Starter.hpp(301,23): warning C4099: 'Pipeline': il nome del tipo che in precedenza utilizzava 'struct' ora utilizza 'class'
C:\Users\matte\Documents\GitHub\CGraphicsAssignment\A15\A15\vendor\other\Starter.hpp(241,8): message : vedere la dichiarazione di 'Pipeline'
C:\Users\matte\Documents\GitHub\CGraphicsAssignment\A15\A15\vendor\other\Starter.hpp(302,34): warning C4099: 'DescriptorSetLayout': il nome del tipo che in precedenza utilizzava 'struct' ora utilizza 'class'
C:\Users\matte\Documents\GitHub\CGraphicsAssignment\A15\A15\vendor\other\Starter.hpp(233,8): message : vedere la dichiarazione di 'DescriptorSetLayout'
C:\Users\matte\Documents\GitHub\CGraphicsAssignment\A15\A15\vendor\other\Starter.hpp(303,28): warning C4099: 'DescriptorSet': il nome del tipo che in precedenza utilizzava 'struct' ora utilizza 'class'
C:\Users\matte\Documents\GitHub\CGraphicsAssignment\A15\A15\vendor\other\Starter.hpp(280,8): message : vedere la dichiarazione di 'DescriptorSet'
C:\Users\matte\Documents\GitHub\CGraphicsAssignment\A15\A15\vendor\other\Starter.hpp(304,31): warning C4099: 'VertexDescriptor': il nome del tipo che in precedenza utilizzava 'struct' ora utilizza 'class'
C:\Users\matte\Documents\GitHub\CGraphicsAssignment\A15\A15\vendor\other\Starter.hpp(162,8): message : vedere la dichiarazione di 'VertexDescriptor'
C:\Users\matte\Documents\GitHub\CGraphicsAssignment\A15\A15\vendor\other\Starter.hpp(1522,45): warning C4267: 'argomento': conversione da 'size_t' a 'int'. Possibile perdita di dati.
C:\Users\matte\Documents\GitHub\CGraphicsAssignment\A15\A15\vendor\other\Starter.hpp(1813,16): warning C4244: '=': conversione da 'double' a 'T'. Possibile perdita di dati.
          with
          [
              T=float
          ]
C:\Users\matte\Documents\GitHub\CGraphicsAssignment\A15\A15\vendor\other\Starter.hpp(1814,16): warning C4244: '=': conversione da 'double' a 'T'. Possibile perdita di dati.
          with
          [
              T=float
          ]
C:\Users\matte\Documents\GitHub\CGraphicsAssignment\A15\A15\vendor\other\Starter.hpp(2573,46): warning C4267: '=': conversione da 'size_t' a 'uint32_t'. Possibile perdita di dati.
C:\Users\matte\Documents\GitHub\CGraphicsAssignment\A15\A15\vendor\other\TextMaker.hpp(9,109): warning C4305: 'inizializzazione': troncamento da 'double' a 'const float'
C:\Users\matte\Documents\GitHub\CGraphicsAssignment\A15\A15\vendor\other\TextMaker.hpp(9,116): warning C4305: 'inizializzazione': troncamento da 'double' a 'const float'
C:\Users\matte\Documents\GitHub\CGraphicsAssignment\A15\A15\vendor\other\TextMaker.hpp(9,130): warning C4305: 'inizializzazione': troncamento da 'double' a 'const float'
C:\Users\matte\Documents\GitHub\CGraphicsAssignment\A15\A15\vendor\other\TextMaker.hpp(9,136): warning C4305: 'inizializzazione': troncamento da 'double' a 'const float'
C:\Users\matte\Documents\GitHub\CGraphicsAssignment\A15\A15\vendor\other\TextMaker.hpp(102,21): warning C4267: '+=': conversione da 'size_t' a 'int'. Possibile perdita di dati.
C:\Users\matte\Documents\GitHub\CGraphicsAssignment\A15\A15\vendor\other\TextMaker.hpp(111,16): warning C4305: 'inizializzazione': troncamento da 'double' a 'float'
C:\Users\matte\Documents\GitHub\CGraphicsAssignment\A15\A15\vendor\other\TextMaker.hpp(112,16): warning C4305: 'inizializzazione': troncamento da 'double' a 'float'
C:\Users\matte\Documents\GitHub\CGraphicsAssignment\A15\A15\vendor\other\TextMaker.hpp(113,16): warning C4305: 'inizializzazione': troncamento da 'double' a 'float'
C:\Users\matte\Documents\GitHub\CGraphicsAssignment\A15\A15\vendor\other\TextMaker.hpp(114,16): warning C4305: 'inizializzazione': troncamento da 'double' a 'float'
  A15.vcxproj -> C:\Users\matte\Documents\GitHub\CGraphicsAssignment\A15\bin\Debug\A15\A15.exe
